<?xml version="1.0" encoding="UTF-8"?>
<!-- Generated by org.testng.reporters.JUnitXMLReporter -->
<testsuite ignored="0" hostname="Praveen" failures="0" tests="3" name="Surefire test" time="14.549" errors="0" timestamp="2024-03-19T14:13:05 EDT">
  <testcase classname="Automation4ME.tests.HomeTest" name="E2E" time="1.1"/>
  <testcase classname="Automation4ME.tests.HomeTest" name="E2E" time="1.073"/>
  <testcase classname="Automation4ME.tests.HomeTest" name="closingApplication" time="0.67"/>
</testsuite> <!-- Surefire test -->
