<?xml version="1.0" encoding="UTF-8"?>
<!-- Generated by org.testng.reporters.JUnitXMLReporter -->
<testsuite ignored="0" hostname="Praveen" failures="0" tests="3" name="E2E Test" time="23.135" errors="0" timestamp="2024-03-18T00:06:44 EDT">
  <testcase classname="Automation4ME.tests.HomeTest" name="E2E" time="2.144"/>
  <testcase classname="Automation4ME.tests.HomeTest" name="E2E" time="2.159"/>
  <testcase classname="Automation4ME.tests.HomeTest" name="closingApplication" time="0.922"/>
</testsuite> <!-- E2E Test -->
