<?xml version="1.0" encoding="UTF-8"?>
<!-- Generated by org.testng.reporters.JUnitXMLReporter -->
<testsuite ignored="0" hostname="Praveen" failures="0" tests="3" name="E2E as Test" time="25.557" errors="0" timestamp="2024-03-18T11:26:56 EDT">
  <testcase classname="Automation4ME.tests.HomeTest" name="E2E" time="2.422"/>
  <testcase classname="Automation4ME.tests.HomeTest" name="E2E" time="2.115"/>
  <testcase classname="Automation4ME.tests.HomeTest" name="closingApplication" time="1.07"/>
</testsuite> <!-- E2E as Test -->
