<?xml version="1.0" encoding="UTF-8"?>
<!-- Generated by org.testng.reporters.JUnitXMLReporter -->
<testsuite ignored="0" hostname="Praveen" failures="0" tests="3" name="E2E as Test" time="15.993" errors="0" timestamp="2024-03-20T10:20:23 EDT">
  <testcase classname="Automation4ME.tests.HomeTest" name="E2E" time="1.504"/>
  <testcase classname="Automation4ME.tests.HomeTest" name="E2E" time="1.368"/>
  <testcase classname="Automation4ME.tests.HomeTest" name="closingApplication" time="0.835"/>
</testsuite> <!-- E2E as Test -->
