<?xml version="1.0" encoding="UTF-8"?>
<!-- Generated by org.testng.reporters.JUnitXMLReporter -->
<testsuite ignored="0" hostname="Praveen" failures="0" tests="3" name=" E2E Test" time="26.197" errors="0" timestamp="2024-03-19T14:11:22 EDT">
  <testcase classname="Automation4ME.tests.HomeTest" name="E2E" time="2.429"/>
  <testcase classname="Automation4ME.tests.HomeTest" name="E2E" time="2.099"/>
  <testcase classname="Automation4ME.tests.HomeTest" name="closingApplication" time="0.985"/>
</testsuite> <!--  E2E Test -->
